0 info it worked if it ends with ok
1 verbose cli [ '/usr/local/Cellar/node/7.4.0/bin/node',
1 verbose cli   '/usr/local/bin/npm',
1 verbose cli   'install',
1 verbose cli   'git://github.com/up1/somkiat_calculator_node.git#0.1.4' ]
2 info using npm@4.0.5
3 info using node@v7.4.0
4 silly loadCurrentTree Starting
5 silly install loadCurrentTree
6 silly install readLocalPackageData
7 silly fetchPackageMetaData git://github.com/up1/somkiat_calculator_node.git#0.1.4
8 silly fetchOtherPackageData git://github.com/up1/somkiat_calculator_node.git#0.1.4
9 silly cache add args [ 'git://github.com/up1/somkiat_calculator_node.git#0.1.4',
9 silly cache add   null ]
10 verbose cache add spec git://github.com/up1/somkiat_calculator_node.git#0.1.4
11 silly cache add parsed spec Result {
11 silly cache add   raw: 'git://github.com/up1/somkiat_calculator_node.git#0.1.4',
11 silly cache add   scope: null,
11 silly cache add   escapedName: null,
11 silly cache add   name: null,
11 silly cache add   rawSpec: 'git://github.com/up1/somkiat_calculator_node.git#0.1.4',
11 silly cache add   spec: 'git://github.com/up1/somkiat_calculator_node.git#0.1.4',
11 silly cache add   type: 'hosted',
11 silly cache add   hosted:
11 silly cache add    { type: 'github',
11 silly cache add      ssh: 'git@github.com:up1/somkiat_calculator_node.git#0.1.4',
11 silly cache add      sshUrl: 'git+ssh://git@github.com/up1/somkiat_calculator_node.git#0.1.4',
11 silly cache add      httpsUrl: 'git+https://github.com/up1/somkiat_calculator_node.git#0.1.4',
11 silly cache add      gitUrl: 'git://github.com/up1/somkiat_calculator_node.git#0.1.4',
11 silly cache add      shortcut: 'github:up1/somkiat_calculator_node#0.1.4',
11 silly cache add      directUrl: 'https://raw.githubusercontent.com/up1/somkiat_calculator_node/0.1.4/package.json' } }
12 verbose addRemoteGit caching git://github.com/up1/somkiat_calculator_node.git#0.1.4
13 verbose addRemoteGit git://github.com/up1/somkiat_calculator_node.git#0.1.4 is a repository hosted by github
14 silly tryClone cloning git://github.com/up1/somkiat_calculator_node.git#0.1.4 via git://github.com/up1/somkiat_calculator_node.git#0.1.4
15 verbose tryClone git-github-com-up1-somkiat-calculator-node-git-0-1-4-b6776505 not in flight; caching
16 verbose correctMkdir /Users/somkiat/.npm/_git-remotes correctMkdir not in flight; initializing
17 info git [ 'clone',
17 info git   '--template=/Users/somkiat/.npm/_git-remotes/_templates',
17 info git   '--mirror',
17 info git   'git://github.com/up1/somkiat_calculator_node.git',
17 info git   '/Users/somkiat/.npm/_git-remotes/git-github-com-up1-somkiat-calculator-node-git-0-1-4-b6776505' ]
18 verbose mirrorRemote git://github.com/up1/somkiat_calculator_node.git#0.1.4 git clone git://github.com/up1/somkiat_calculator_node.git
19 verbose correctMkdir /Users/somkiat/.npm/_git-remotes correctMkdir not in flight; initializing
20 verbose setPermissions git://github.com/up1/somkiat_calculator_node.git#0.1.4 set permissions on /Users/somkiat/.npm/_git-remotes/git-github-com-up1-somkiat-calculator-node-git-0-1-4-b6776505
21 verbose resolveHead git://github.com/up1/somkiat_calculator_node.git#0.1.4 original treeish: 0.1.4
22 info git [ 'rev-list', '-n1', '0.1.4' ]
23 silly resolveHead git://github.com/up1/somkiat_calculator_node.git#0.1.4 resolved treeish: 32930a4b5fe22f06d9fa041e5d534c642b701965
24 verbose resolveHead git://github.com/up1/somkiat_calculator_node.git#0.1.4 resolved Git URL: git://github.com/up1/somkiat_calculator_node.git#32930a4b5fe22f06d9fa041e5d534c642b701965
25 silly resolveHead Git working directory: /var/folders/t5/8kg23s_97z9dw44tfc1d6dqw0000gn/T/npm-38850-6dc20f5e/git-cache-8bde8b66/32930a4b5fe22f06d9fa041e5d534c642b701965
26 info git [ 'clone',
26 info git   '/Users/somkiat/.npm/_git-remotes/git-github-com-up1-somkiat-calculator-node-git-0-1-4-b6776505',
26 info git   '/var/folders/t5/8kg23s_97z9dw44tfc1d6dqw0000gn/T/npm-38850-6dc20f5e/git-cache-8bde8b66/32930a4b5fe22f06d9fa041e5d534c642b701965' ]
27 verbose cloneResolved git://github.com/up1/somkiat_calculator_node.git#0.1.4 clone Cloning into '/var/folders/t5/8kg23s_97z9dw44tfc1d6dqw0000gn/T/npm-38850-6dc20f5e/git-cache-8bde8b66/32930a4b5fe22f06d9fa041e5d534c642b701965'...
27 verbose cloneResolved done.
28 info git [ 'checkout', '32930a4b5fe22f06d9fa041e5d534c642b701965' ]
29 verbose checkoutTreeish git://github.com/up1/somkiat_calculator_node.git#0.1.4 checkout Note: checking out '32930a4b5fe22f06d9fa041e5d534c642b701965'.
29 verbose checkoutTreeish
29 verbose checkoutTreeish You are in 'detached HEAD' state. You can look around, make experimental
29 verbose checkoutTreeish changes and commit them, and you can discard any commits you make in this
29 verbose checkoutTreeish state without impacting any branches by performing another checkout.
29 verbose checkoutTreeish
29 verbose checkoutTreeish If you want to create a new branch to retain commits you create, you may
29 verbose checkoutTreeish do so (now or later) by using -b with the checkout command again. Example:
29 verbose checkoutTreeish
29 verbose checkoutTreeish   git checkout -b <new-branch-name>
29 verbose checkoutTreeish
29 verbose checkoutTreeish HEAD is now at 32930a4... Version 5
30 info git [ 'submodule', '-q', 'update', '--init', '--recursive' ]
31 verbose updateSubmodules git://github.com/up1/somkiat_calculator_node.git#0.1.4 submodule update
32 verbose addLocalDirectory /Users/somkiat/.npm/somkiatcalculator/1.0.0/package.tgz not in flight; packing
33 verbose correctMkdir /Users/somkiat/.npm correctMkdir not in flight; initializing
34 verbose tar pack [ '/Users/somkiat/.npm/somkiatcalculator/1.0.0/package.tgz',
34 verbose tar pack   '/var/folders/t5/8kg23s_97z9dw44tfc1d6dqw0000gn/T/npm-38850-6dc20f5e/git-cache-8bde8b66/32930a4b5fe22f06d9fa041e5d534c642b701965' ]
35 verbose tarball /Users/somkiat/.npm/somkiatcalculator/1.0.0/package.tgz
36 verbose folder /var/folders/t5/8kg23s_97z9dw44tfc1d6dqw0000gn/T/npm-38850-6dc20f5e/git-cache-8bde8b66/32930a4b5fe22f06d9fa041e5d534c642b701965
37 verbose addLocalTarball adding from inside cache /Users/somkiat/.npm/somkiatcalculator/1.0.0/package.tgz
38 verbose correctMkdir /Users/somkiat/.npm correctMkdir not in flight; initializing
39 verbose addRemoteGit data._from: git://github.com/up1/somkiat_calculator_node.git#0.1.4
40 verbose addRemoteGit data._resolved: git://github.com/up1/somkiat_calculator_node.git#32930a4b5fe22f06d9fa041e5d534c642b701965
41 silly cache afterAdd somkiatcalculator@1.0.0
42 verbose afterAdd /Users/somkiat/.npm/somkiatcalculator/1.0.0/package/package.json not in flight; writing
43 verbose correctMkdir /Users/somkiat/.npm correctMkdir not in flight; initializing
44 verbose afterAdd /Users/somkiat/.npm/somkiatcalculator/1.0.0/package/package.json written
45 silly install normalizeTree
46 silly loadCurrentTree Finishing
47 silly loadIdealTree Starting
48 silly install loadIdealTree
49 silly cloneCurrentTree Starting
50 silly install cloneCurrentTreeToIdealTree
51 silly cloneCurrentTree Finishing
52 silly loadShrinkwrap Starting
53 silly install loadShrinkwrap
54 silly loadShrinkwrap Finishing
55 silly loadAllDepsIntoIdealTree Starting
56 silly install loadAllDepsIntoIdealTree
57 silly rollbackFailedOptional Starting
58 silly rollbackFailedOptional Finishing
59 silly runTopLevelLifecycles Finishing
60 silly install printInstalled
61 verbose stack Error: Refusing to install package with name "somkiatcalculator" under a package
61 verbose stack also called "somkiatcalculator". Did you name your project the same
61 verbose stack as the dependency you're installing?
61 verbose stack
61 verbose stack For more information, see:
61 verbose stack     <https://docs.npmjs.com/cli/install#limitations-of-npms-install-algorithm>
61 verbose stack     at checkSelf (/usr/local/lib/node_modules/npm/lib/install/validate-args.js:53:14)
61 verbose stack     at Array.<anonymous> (/usr/local/lib/node_modules/npm/node_modules/slide/lib/bind-actor.js:15:8)
61 verbose stack     at LOOP (/usr/local/lib/node_modules/npm/node_modules/slide/lib/chain.js:15:14)
61 verbose stack     at chain (/usr/local/lib/node_modules/npm/node_modules/slide/lib/chain.js:20:5)
61 verbose stack     at /usr/local/lib/node_modules/npm/lib/install/validate-args.js:16:5
61 verbose stack     at /usr/local/lib/node_modules/npm/node_modules/slide/lib/async-map.js:52:35
61 verbose stack     at Array.forEach (native)
61 verbose stack     at /usr/local/lib/node_modules/npm/node_modules/slide/lib/async-map.js:52:11
61 verbose stack     at Array.forEach (native)
61 verbose stack     at asyncMap (/usr/local/lib/node_modules/npm/node_modules/slide/lib/async-map.js:51:8)
62 verbose cwd /Users/somkiat/data/research/nodejs/somkiat_calculator
63 error Darwin 16.1.0
64 error argv "/usr/local/Cellar/node/7.4.0/bin/node" "/usr/local/bin/npm" "install" "git://github.com/up1/somkiat_calculator_node.git#0.1.4"
65 error node v7.4.0
66 error npm  v4.0.5
67 error code ENOSELF
68 error Refusing to install package with name "somkiatcalculator" under a package
68 error also called "somkiatcalculator". Did you name your project the same
68 error as the dependency you're installing?
68 error
68 error For more information, see:
68 error     <https://docs.npmjs.com/cli/install#limitations-of-npms-install-algorithm>
69 error If you need help, you may report this error at:
69 error     <https://github.com/npm/npm/issues>
70 verbose exit [ 1, true ]
